{"D:\\PLP program\\MERN stack\\testing-and-debugging-ensuring-mern-app-reliability-Collins-k14\\server\\src\\app.js": {"path":"D:\\PLP program\\MERN stack\\testing-and-debugging-ensuring-mern-app-reliability-Collins-k14\\server\\src\\app.js","statementMap":{"0":{"start":{"line":1,"column":16},"end":{"line":1,"column":34}},"1":{"start":{"line":2,"column":12},"end":{"line":2,"column":21}},"2":{"start":{"line":3,"column":0},"end":{"line":3,"column":24}},"3":{"start":{"line":5,"column":20},"end":{"line":5,"column":45}},"4":{"start":{"line":6,"column":0},"end":{"line":6,"column":35}},"5":{"start":{"line":8,"column":0},"end":{"line":8,"column":21}}},"fnMap":{},"branchMap":{},"s":{"0":1,"1":1,"2":1,"3":1,"4":1,"5":1},"f":{},"b":{},"_coverageSchema":"1a1c01bbd47fc00a2c39e90264f33305004495a9","hash":"61c6740135901bcf46e83840a17787e7e98f7010"}
,"D:\\PLP program\\MERN stack\\testing-and-debugging-ensuring-mern-app-reliability-Collins-k14\\server\\src\\middleware\\auth.js": {"path":"D:\\PLP program\\MERN stack\\testing-and-debugging-ensuring-mern-app-reliability-Collins-k14\\server\\src\\middleware\\auth.js","statementMap":{"0":{"start":{"line":2,"column":12},"end":{"line":2,"column":35}},"1":{"start":{"line":3,"column":13},"end":{"line":3,"column":38}},"2":{"start":{"line":5,"column":23},"end":{"line":22,"column":1}},"3":{"start":{"line":6,"column":2},"end":{"line":21,"column":3}},"4":{"start":{"line":7,"column":23},"end":{"line":7,"column":51}},"5":{"start":{"line":8,"column":4},"end":{"line":8,"column":81}},"6":{"start":{"line":8,"column":21},"end":{"line":8,"column":81}},"7":{"start":{"line":10,"column":18},"end":{"line":10,"column":42}},"8":{"start":{"line":11,"column":4},"end":{"line":11,"column":72}},"9":{"start":{"line":11,"column":16},"end":{"line":11,"column":72}},"10":{"start":{"line":13,"column":20},"end":{"line":13,"column":73}},"11":{"start":{"line":14,"column":17},"end":{"line":14,"column":48}},"12":{"start":{"line":15,"column":4},"end":{"line":15,"column":72}},"13":{"start":{"line":15,"column":15},"end":{"line":15,"column":72}},"14":{"start":{"line":17,"column":4},"end":{"line":17,"column":20}},"15":{"start":{"line":18,"column":4},"end":{"line":18,"column":11}},"16":{"start":{"line":20,"column":4},"end":{"line":20,"column":59}},"17":{"start":{"line":24,"column":0},"end":{"line":24,"column":32}}},"fnMap":{"0":{"name":"(anonymous_0)","decl":{"start":{"line":5,"column":23},"end":{"line":5,"column":24}},"loc":{"start":{"line":5,"column":49},"end":{"line":22,"column":1}},"line":5}},"branchMap":{"0":{"loc":{"start":{"line":8,"column":4},"end":{"line":8,"column":81}},"type":"if","locations":[{"start":{"line":8,"column":4},"end":{"line":8,"column":81}},{"start":{},"end":{}}],"line":8},"1":{"loc":{"start":{"line":11,"column":4},"end":{"line":11,"column":72}},"type":"if","locations":[{"start":{"line":11,"column":4},"end":{"line":11,"column":72}},{"start":{},"end":{}}],"line":11},"2":{"loc":{"start":{"line":13,"column":38},"end":{"line":13,"column":72}},"type":"binary-expr","locations":[{"start":{"line":13,"column":38},"end":{"line":13,"column":60}},{"start":{"line":13,"column":64},"end":{"line":13,"column":72}}],"line":13},"3":{"loc":{"start":{"line":15,"column":4},"end":{"line":15,"column":72}},"type":"if","locations":[{"start":{"line":15,"column":4},"end":{"line":15,"column":72}},{"start":{},"end":{}}],"line":15}},"s":{"0":1,"1":1,"2":1,"3":8,"4":8,"5":8,"6":3,"7":5,"8":5,"9":0,"10":5,"11":5,"12":5,"13":0,"14":5,"15":5,"16":0,"17":1},"f":{"0":8},"b":{"0":[3,5],"1":[0,5],"2":[5,0],"3":[0,5]},"_coverageSchema":"1a1c01bbd47fc00a2c39e90264f33305004495a9","hash":"d1928432ba1704f64d39f04605a639c54ccedcdf"}
,"D:\\PLP program\\MERN stack\\testing-and-debugging-ensuring-mern-app-reliability-Collins-k14\\server\\src\\models\\Post.js": {"path":"D:\\PLP program\\MERN stack\\testing-and-debugging-ensuring-mern-app-reliability-Collins-k14\\server\\src\\models\\Post.js","statementMap":{"0":{"start":{"line":1,"column":17},"end":{"line":1,"column":36}},"1":{"start":{"line":2,"column":17},"end":{"line":2,"column":34}},"2":{"start":{"line":4,"column":19},"end":{"line":10,"column":2}},"3":{"start":{"line":12,"column":13},"end":{"line":12,"column":47}},"4":{"start":{"line":13,"column":0},"end":{"line":13,"column":22}}},"fnMap":{},"branchMap":{},"s":{"0":1,"1":1,"2":1,"3":1,"4":1},"f":{},"b":{},"_coverageSchema":"1a1c01bbd47fc00a2c39e90264f33305004495a9","hash":"7cd43fc78af8ccad85f41898a67c9002c346004e"}
,"D:\\PLP program\\MERN stack\\testing-and-debugging-ensuring-mern-app-reliability-Collins-k14\\server\\src\\models\\User.js": {"path":"D:\\PLP program\\MERN stack\\testing-and-debugging-ensuring-mern-app-reliability-Collins-k14\\server\\src\\models\\User.js","statementMap":{"0":{"start":{"line":2,"column":17},"end":{"line":2,"column":36}},"1":{"start":{"line":4,"column":19},"end":{"line":11,"column":1}},"2":{"start":{"line":13,"column":13},"end":{"line":13,"column":47}},"3":{"start":{"line":15,"column":0},"end":{"line":15,"column":22}}},"fnMap":{},"branchMap":{},"s":{"0":1,"1":1,"2":1,"3":1},"f":{},"b":{},"_coverageSchema":"1a1c01bbd47fc00a2c39e90264f33305004495a9","hash":"5b4ac7296cc796677bbc6325bd07e14035b98a69"}
,"D:\\PLP program\\MERN stack\\testing-and-debugging-ensuring-mern-app-reliability-Collins-k14\\server\\src\\routes\\posts.js": {"path":"D:\\PLP program\\MERN stack\\testing-and-debugging-ensuring-mern-app-reliability-Collins-k14\\server\\src\\routes\\posts.js","statementMap":{"0":{"start":{"line":2,"column":16},"end":{"line":2,"column":34}},"1":{"start":{"line":3,"column":15},"end":{"line":3,"column":31}},"2":{"start":{"line":4,"column":17},"end":{"line":4,"column":36}},"3":{"start":{"line":5,"column":13},"end":{"line":5,"column":38}},"4":{"start":{"line":6,"column":23},"end":{"line":6,"column":52}},"5":{"start":{"line":9,"column":0},"end":{"line":27,"column":3}},"6":{"start":{"line":10,"column":2},"end":{"line":26,"column":3}},"7":{"start":{"line":11,"column":41},"end":{"line":11,"column":49}},"8":{"start":{"line":13,"column":4},"end":{"line":13,"column":76}},"9":{"start":{"line":13,"column":16},"end":{"line":13,"column":76}},"10":{"start":{"line":15,"column":17},"end":{"line":21,"column":6}},"11":{"start":{"line":23,"column":4},"end":{"line":23,"column":31}},"12":{"start":{"line":25,"column":4},"end":{"line":25,"column":49}},"13":{"start":{"line":30,"column":0},"end":{"line":42,"column":3}},"14":{"start":{"line":31,"column":2},"end":{"line":41,"column":3}},"15":{"start":{"line":32,"column":47},"end":{"line":32,"column":56}},"16":{"start":{"line":33,"column":18},"end":{"line":33,"column":85}},"17":{"start":{"line":34,"column":18},"end":{"line":36,"column":29}},"18":{"start":{"line":38,"column":4},"end":{"line":38,"column":20}},"19":{"start":{"line":40,"column":4},"end":{"line":40,"column":49}},"20":{"start":{"line":45,"column":0},"end":{"line":53,"column":3}},"21":{"start":{"line":46,"column":2},"end":{"line":52,"column":3}},"22":{"start":{"line":47,"column":17},"end":{"line":47,"column":51}},"23":{"start":{"line":48,"column":4},"end":{"line":48,"column":42}},"24":{"start":{"line":48,"column":15},"end":{"line":48,"column":42}},"25":{"start":{"line":49,"column":4},"end":{"line":49,"column":19}},"26":{"start":{"line":51,"column":4},"end":{"line":51,"column":24}},"27":{"start":{"line":56,"column":0},"end":{"line":68,"column":3}},"28":{"start":{"line":57,"column":2},"end":{"line":67,"column":3}},"29":{"start":{"line":58,"column":17},"end":{"line":58,"column":51}},"30":{"start":{"line":59,"column":4},"end":{"line":59,"column":42}},"31":{"start":{"line":59,"column":15},"end":{"line":59,"column":42}},"32":{"start":{"line":60,"column":4},"end":{"line":60,"column":70}},"33":{"start":{"line":60,"column":43},"end":{"line":60,"column":70}},"34":{"start":{"line":62,"column":4},"end":{"line":62,"column":34}},"35":{"start":{"line":63,"column":4},"end":{"line":63,"column":22}},"36":{"start":{"line":64,"column":4},"end":{"line":64,"column":19}},"37":{"start":{"line":66,"column":4},"end":{"line":66,"column":49}},"38":{"start":{"line":71,"column":0},"end":{"line":82,"column":3}},"39":{"start":{"line":72,"column":2},"end":{"line":81,"column":3}},"40":{"start":{"line":73,"column":17},"end":{"line":73,"column":51}},"41":{"start":{"line":74,"column":4},"end":{"line":74,"column":42}},"42":{"start":{"line":74,"column":15},"end":{"line":74,"column":42}},"43":{"start":{"line":75,"column":4},"end":{"line":75,"column":70}},"44":{"start":{"line":75,"column":43},"end":{"line":75,"column":70}},"45":{"start":{"line":77,"column":4},"end":{"line":77,"column":24}},"46":{"start":{"line":78,"column":4},"end":{"line":78,"column":24}},"47":{"start":{"line":80,"column":4},"end":{"line":80,"column":49}},"48":{"start":{"line":84,"column":0},"end":{"line":84,"column":24}}},"fnMap":{"0":{"name":"(anonymous_0)","decl":{"start":{"line":9,"column":33},"end":{"line":9,"column":34}},"loc":{"start":{"line":9,"column":53},"end":{"line":27,"column":1}},"line":9},"1":{"name":"(anonymous_1)","decl":{"start":{"line":30,"column":16},"end":{"line":30,"column":17}},"loc":{"start":{"line":30,"column":36},"end":{"line":42,"column":1}},"line":30},"2":{"name":"(anonymous_2)","decl":{"start":{"line":45,"column":19},"end":{"line":45,"column":20}},"loc":{"start":{"line":45,"column":39},"end":{"line":53,"column":1}},"line":45},"3":{"name":"(anonymous_3)","decl":{"start":{"line":56,"column":35},"end":{"line":56,"column":36}},"loc":{"start":{"line":56,"column":55},"end":{"line":68,"column":1}},"line":56},"4":{"name":"(anonymous_4)","decl":{"start":{"line":71,"column":38},"end":{"line":71,"column":39}},"loc":{"start":{"line":71,"column":58},"end":{"line":82,"column":1}},"line":71}},"branchMap":{"0":{"loc":{"start":{"line":13,"column":4},"end":{"line":13,"column":76}},"type":"if","locations":[{"start":{"line":13,"column":4},"end":{"line":13,"column":76}},{"start":{},"end":{}}],"line":13},"1":{"loc":{"start":{"line":18,"column":16},"end":{"line":18,"column":76}},"type":"cond-expr","locations":[{"start":{"line":18,"column":27},"end":{"line":18,"column":64}},{"start":{"line":18,"column":67},"end":{"line":18,"column":76}}],"line":18},"2":{"loc":{"start":{"line":32,"column":22},"end":{"line":32,"column":30}},"type":"default-arg","locations":[{"start":{"line":32,"column":29},"end":{"line":32,"column":30}}],"line":32},"3":{"loc":{"start":{"line":32,"column":32},"end":{"line":32,"column":42}},"type":"default-arg","locations":[{"start":{"line":32,"column":40},"end":{"line":32,"column":42}}],"line":32},"4":{"loc":{"start":{"line":33,"column":18},"end":{"line":33,"column":85}},"type":"cond-expr","locations":[{"start":{"line":33,"column":29},"end":{"line":33,"column":80}},{"start":{"line":33,"column":83},"end":{"line":33,"column":85}}],"line":33},"5":{"loc":{"start":{"line":48,"column":4},"end":{"line":48,"column":42}},"type":"if","locations":[{"start":{"line":48,"column":4},"end":{"line":48,"column":42}},{"start":{},"end":{}}],"line":48},"6":{"loc":{"start":{"line":59,"column":4},"end":{"line":59,"column":42}},"type":"if","locations":[{"start":{"line":59,"column":4},"end":{"line":59,"column":42}},{"start":{},"end":{}}],"line":59},"7":{"loc":{"start":{"line":60,"column":4},"end":{"line":60,"column":70}},"type":"if","locations":[{"start":{"line":60,"column":4},"end":{"line":60,"column":70}},{"start":{},"end":{}}],"line":60},"8":{"loc":{"start":{"line":74,"column":4},"end":{"line":74,"column":42}},"type":"if","locations":[{"start":{"line":74,"column":4},"end":{"line":74,"column":42}},{"start":{},"end":{}}],"line":74},"9":{"loc":{"start":{"line":75,"column":4},"end":{"line":75,"column":70}},"type":"if","locations":[{"start":{"line":75,"column":4},"end":{"line":75,"column":70}},{"start":{},"end":{}}],"line":75}},"s":{"0":1,"1":1,"2":1,"3":1,"4":1,"5":1,"6":2,"7":2,"8":2,"9":1,"10":1,"11":1,"12":0,"13":1,"14":4,"15":4,"16":4,"17":4,"18":4,"19":0,"20":1,"21":2,"22":2,"23":2,"24":1,"25":1,"26":0,"27":1,"28":2,"29":2,"30":2,"31":0,"32":2,"33":1,"34":1,"35":1,"36":1,"37":0,"38":1,"39":1,"40":1,"41":1,"42":0,"43":1,"44":0,"45":1,"46":0,"47":1,"48":1},"f":{"0":2,"1":4,"2":2,"3":2,"4":1},"b":{"0":[1,1],"1":[1,0],"2":[2],"3":[2],"4":[1,3],"5":[1,1],"6":[0,2],"7":[1,1],"8":[0,1],"9":[0,1]},"_coverageSchema":"1a1c01bbd47fc00a2c39e90264f33305004495a9","hash":"b698f9ff5bc293c6b77fb430a1ff3027d4243bee"}
,"D:\\PLP program\\MERN stack\\testing-and-debugging-ensuring-mern-app-reliability-Collins-k14\\server\\src\\utils\\auth.js": {"path":"D:\\PLP program\\MERN stack\\testing-and-debugging-ensuring-mern-app-reliability-Collins-k14\\server\\src\\utils\\auth.js","statementMap":{"0":{"start":{"line":1,"column":12},"end":{"line":1,"column":35}},"1":{"start":{"line":4,"column":2},"end":{"line":4,"column":68}},"2":{"start":{"line":7,"column":0},"end":{"line":7,"column":35}}},"fnMap":{"0":{"name":"generateToken","decl":{"start":{"line":3,"column":9},"end":{"line":3,"column":22}},"loc":{"start":{"line":3,"column":29},"end":{"line":5,"column":1}},"line":3}},"branchMap":{},"s":{"0":1,"1":1,"2":1},"f":{"0":1},"b":{},"_coverageSchema":"1a1c01bbd47fc00a2c39e90264f33305004495a9","hash":"826c2a57def8f0eced052adb4b732315d9aab570"}
}
