TN:
SF:src\app.js
FNF:0
FNH:0
DA:1,1
DA:2,1
DA:3,1
DA:5,1
DA:6,1
DA:8,1
LF:6
LH:6
BRF:0
BRH:0
end_of_record
TN:
SF:src\middleware\auth.js
FN:5,(anonymous_0)
FNF:1
FNH:1
FNDA:8,(anonymous_0)
DA:2,1
DA:3,1
DA:5,1
DA:6,8
DA:7,8
DA:8,8
DA:10,5
DA:11,5
DA:13,5
DA:14,5
DA:15,5
DA:17,5
DA:18,5
DA:20,0
DA:24,1
LF:15
LH:14
BRDA:8,0,0,3
BRDA:8,0,1,5
BRDA:11,1,0,0
BRDA:11,1,1,5
BRDA:13,2,0,5
BRDA:13,2,1,0
BRDA:15,3,0,0
BRDA:15,3,1,5
BRF:8
BRH:5
end_of_record
TN:
SF:src\models\Post.js
FNF:0
FNH:0
DA:1,1
DA:2,1
DA:4,1
DA:12,1
DA:13,1
LF:5
LH:5
BRF:0
BRH:0
end_of_record
TN:
SF:src\models\User.js
FNF:0
FNH:0
DA:2,1
DA:4,1
DA:13,1
DA:15,1
LF:4
LH:4
BRF:0
BRH:0
end_of_record
TN:
SF:src\routes\posts.js
FN:9,(anonymous_0)
FN:30,(anonymous_1)
FN:45,(anonymous_2)
FN:56,(anonymous_3)
FN:71,(anonymous_4)
FNF:5
FNH:5
FNDA:2,(anonymous_0)
FNDA:4,(anonymous_1)
FNDA:2,(anonymous_2)
FNDA:2,(anonymous_3)
FNDA:1,(anonymous_4)
DA:2,1
DA:3,1
DA:4,1
DA:5,1
DA:6,1
DA:9,1
DA:10,2
DA:11,2
DA:13,2
DA:15,1
DA:23,1
DA:25,0
DA:30,1
DA:31,4
DA:32,4
DA:33,4
DA:34,4
DA:38,4
DA:40,0
DA:45,1
DA:46,2
DA:47,2
DA:48,2
DA:49,1
DA:51,0
DA:56,1
DA:57,2
DA:58,2
DA:59,2
DA:60,2
DA:62,1
DA:63,1
DA:64,1
DA:66,0
DA:71,1
DA:72,1
DA:73,1
DA:74,1
DA:75,1
DA:77,1
DA:78,0
DA:80,1
DA:84,1
LF:43
LH:38
BRDA:13,0,0,1
BRDA:13,0,1,1
BRDA:18,1,0,1
BRDA:18,1,1,0
BRDA:32,2,0,2
BRDA:32,3,0,2
BRDA:33,4,0,1
BRDA:33,4,1,3
BRDA:48,5,0,1
BRDA:48,5,1,1
BRDA:59,6,0,0
BRDA:59,6,1,2
BRDA:60,7,0,1
BRDA:60,7,1,1
BRDA:74,8,0,0
BRDA:74,8,1,1
BRDA:75,9,0,0
BRDA:75,9,1,1
BRF:18
BRH:14
end_of_record
TN:
SF:src\utils\auth.js
FN:3,generateToken
FNF:1
FNH:1
FNDA:1,generateToken
DA:1,1
DA:4,1
DA:7,1
LF:3
LH:3
BRF:0
BRH:0
end_of_record
